2021-01-31 20:35:22,477  INFO [TestNG-test=Economist WebApp Test Cases-1] BrowseJobs:60 - No of jobs links are 0
2021-01-31 20:35:22,497  INFO [TestNG-test=Economist WebApp Test Cases-1] BrowseJobs:60 - No of jobs links are 0
2021-01-31 20:35:22,511  INFO [TestNG-test=Economist WebApp Test Cases-1] BrowseJobs:60 - No of jobs links are 1
2021-01-31 20:35:22,524  INFO [TestNG-test=Economist WebApp Test Cases-1] BrowseJobs:60 - No of jobs links are 2
2021-01-31 20:35:22,538  INFO [TestNG-test=Economist WebApp Test Cases-1] BrowseJobs:60 - No of jobs links are 2
2021-01-31 20:35:22,550  INFO [TestNG-test=Economist WebApp Test Cases-1] BrowseJobs:60 - No of jobs links are 2
2021-01-31 20:35:22,565  INFO [TestNG-test=Economist WebApp Test Cases-1] BrowseJobs:60 - No of jobs links are 3
2021-01-31 20:35:22,579  INFO [TestNG-test=Economist WebApp Test Cases-1] BrowseJobs:60 - No of jobs links are 4
2021-01-31 20:35:22,591  INFO [TestNG-test=Economist WebApp Test Cases-1] BrowseJobs:60 - No of jobs links are 4
2021-01-31 20:35:22,603  INFO [TestNG-test=Economist WebApp Test Cases-1] BrowseJobs:60 - No of jobs links are 4
2021-01-31 20:35:22,618  INFO [TestNG-test=Economist WebApp Test Cases-1] BrowseJobs:60 - No of jobs links are 5
2021-01-31 20:35:22,632  INFO [TestNG-test=Economist WebApp Test Cases-1] BrowseJobs:60 - No of jobs links are 6
2021-01-31 20:35:22,644  INFO [TestNG-test=Economist WebApp Test Cases-1] BrowseJobs:60 - No of jobs links are 6
2021-01-31 20:35:22,659  INFO [TestNG-test=Economist WebApp Test Cases-1] BrowseJobs:60 - No of jobs links are 6
2021-01-31 20:35:22,673  INFO [TestNG-test=Economist WebApp Test Cases-1] BrowseJobs:60 - No of jobs links are 7
2021-01-31 20:35:22,689  INFO [TestNG-test=Economist WebApp Test Cases-1] BrowseJobs:60 - No of jobs links are 8
2021-01-31 20:35:22,708  INFO [TestNG-test=Economist WebApp Test Cases-1] BrowseJobs:60 - No of jobs links are 8
2021-01-31 20:35:22,729  INFO [TestNG-test=Economist WebApp Test Cases-1] BrowseJobs:60 - No of jobs links are 8
2021-01-31 20:35:22,743  INFO [TestNG-test=Economist WebApp Test Cases-1] BrowseJobs:60 - No of jobs links are 9
2021-01-31 20:35:22,757  INFO [TestNG-test=Economist WebApp Test Cases-1] BrowseJobs:60 - No of jobs links are 10
2021-01-31 20:35:22,768  INFO [TestNG-test=Economist WebApp Test Cases-1] BrowseJobs:60 - No of jobs links are 10
2021-01-31 20:35:22,783  INFO [TestNG-test=Economist WebApp Test Cases-1] BrowseJobs:60 - No of jobs links are 10
2021-01-31 20:35:22,797  INFO [TestNG-test=Economist WebApp Test Cases-1] BrowseJobs:60 - No of jobs links are 11
2021-01-31 20:35:22,811  INFO [TestNG-test=Economist WebApp Test Cases-1] BrowseJobs:60 - No of jobs links are 12
2021-01-31 20:35:22,827  INFO [TestNG-test=Economist WebApp Test Cases-1] BrowseJobs:60 - No of jobs links are 12
2021-01-31 20:35:22,840  INFO [TestNG-test=Economist WebApp Test Cases-1] BrowseJobs:60 - No of jobs links are 12
2021-01-31 20:35:22,852  INFO [TestNG-test=Economist WebApp Test Cases-1] BrowseJobs:60 - No of jobs links are 13
2021-01-31 20:35:22,864  INFO [TestNG-test=Economist WebApp Test Cases-1] BrowseJobs:60 - No of jobs links are 14
2021-01-31 20:35:22,878  INFO [TestNG-test=Economist WebApp Test Cases-1] BrowseJobs:60 - No of jobs links are 14
2021-01-31 20:35:22,890  INFO [TestNG-test=Economist WebApp Test Cases-1] BrowseJobs:60 - No of jobs links are 14
2021-01-31 20:35:22,902  INFO [TestNG-test=Economist WebApp Test Cases-1] BrowseJobs:60 - No of jobs links are 15
2021-01-31 20:35:23,124  INFO [TestNG-test=Economist WebApp Test Cases-1] BrowseJobs:60 - No of jobs links are 16
2021-01-31 20:35:23,229  INFO [TestNG-test=Economist WebApp Test Cases-1] BrowseJobs:60 - No of jobs links are 16
2021-01-31 20:35:23,305  INFO [TestNG-test=Economist WebApp Test Cases-1] BrowseJobs:60 - No of jobs links are 16
2021-01-31 20:35:23,321  INFO [TestNG-test=Economist WebApp Test Cases-1] BrowseJobs:60 - No of jobs links are 17
2021-01-31 20:35:23,337  INFO [TestNG-test=Economist WebApp Test Cases-1] BrowseJobs:60 - No of jobs links are 18
2021-01-31 20:35:23,353  INFO [TestNG-test=Economist WebApp Test Cases-1] BrowseJobs:60 - No of jobs links are 18
2021-01-31 20:35:23,368  INFO [TestNG-test=Economist WebApp Test Cases-1] BrowseJobs:60 - No of jobs links are 18
2021-01-31 20:35:23,383  INFO [TestNG-test=Economist WebApp Test Cases-1] BrowseJobs:60 - No of jobs links are 19
2021-01-31 20:35:23,397  INFO [TestNG-test=Economist WebApp Test Cases-1] BrowseJobs:60 - No of jobs links are 20
2021-01-31 20:35:23,411  INFO [TestNG-test=Economist WebApp Test Cases-1] BrowseJobs:60 - No of jobs links are 20
2021-01-31 20:35:23,427  INFO [TestNG-test=Economist WebApp Test Cases-1] BrowseJobs:60 - No of jobs links are 20
2021-01-31 20:35:23,439  INFO [TestNG-test=Economist WebApp Test Cases-1] BrowseJobs:60 - No of jobs links are 20
2021-01-31 20:35:23,454  INFO [TestNG-test=Economist WebApp Test Cases-1] BrowseJobs:60 - No of jobs links are 21
2021-01-31 20:35:23,470  INFO [TestNG-test=Economist WebApp Test Cases-1] BrowseJobs:60 - No of jobs links are 22
2021-01-31 20:35:23,487  INFO [TestNG-test=Economist WebApp Test Cases-1] BrowseJobs:60 - No of jobs links are 22
2021-01-31 20:35:23,500  INFO [TestNG-test=Economist WebApp Test Cases-1] BrowseJobs:60 - No of jobs links are 22
2021-01-31 20:35:23,515  INFO [TestNG-test=Economist WebApp Test Cases-1] BrowseJobs:60 - No of jobs links are 23
2021-01-31 20:35:23,529  INFO [TestNG-test=Economist WebApp Test Cases-1] BrowseJobs:60 - No of jobs links are 24
2021-01-31 20:35:23,547  INFO [TestNG-test=Economist WebApp Test Cases-1] BrowseJobs:60 - No of jobs links are 24
2021-01-31 20:35:23,581  INFO [TestNG-test=Economist WebApp Test Cases-1] BrowseJobs:60 - No of jobs links are 24
2021-01-31 20:35:23,596  INFO [TestNG-test=Economist WebApp Test Cases-1] BrowseJobs:60 - No of jobs links are 25
2021-01-31 20:35:23,610  INFO [TestNG-test=Economist WebApp Test Cases-1] BrowseJobs:60 - No of jobs links are 26
2021-01-31 20:35:23,621  INFO [TestNG-test=Economist WebApp Test Cases-1] BrowseJobs:60 - No of jobs links are 26
2021-01-31 20:35:23,637  INFO [TestNG-test=Economist WebApp Test Cases-1] BrowseJobs:60 - No of jobs links are 26
2021-01-31 20:35:23,651  INFO [TestNG-test=Economist WebApp Test Cases-1] BrowseJobs:60 - No of jobs links are 27
2021-01-31 20:35:23,663  INFO [TestNG-test=Economist WebApp Test Cases-1] BrowseJobs:60 - No of jobs links are 28
2021-01-31 20:35:23,677  INFO [TestNG-test=Economist WebApp Test Cases-1] BrowseJobs:60 - No of jobs links are 28
2021-01-31 20:35:23,691  INFO [TestNG-test=Economist WebApp Test Cases-1] BrowseJobs:60 - No of jobs links are 28
2021-01-31 20:35:23,720  INFO [TestNG-test=Economist WebApp Test Cases-1] BrowseJobs:60 - No of jobs links are 29
2021-01-31 20:35:23,736  INFO [TestNG-test=Economist WebApp Test Cases-1] BrowseJobs:60 - No of jobs links are 30
2021-01-31 20:35:23,752  INFO [TestNG-test=Economist WebApp Test Cases-1] BrowseJobs:60 - No of jobs links are 30
2021-01-31 20:35:23,765  INFO [TestNG-test=Economist WebApp Test Cases-1] BrowseJobs:60 - No of jobs links are 30
2021-01-31 20:35:23,778  INFO [TestNG-test=Economist WebApp Test Cases-1] BrowseJobs:60 - No of jobs links are 31
2021-01-31 20:35:23,790  INFO [TestNG-test=Economist WebApp Test Cases-1] BrowseJobs:60 - No of jobs links are 32
2021-01-31 20:35:23,804  INFO [TestNG-test=Economist WebApp Test Cases-1] BrowseJobs:60 - No of jobs links are 32
2021-01-31 20:35:23,815  INFO [TestNG-test=Economist WebApp Test Cases-1] BrowseJobs:60 - No of jobs links are 32
2021-01-31 20:35:23,827  INFO [TestNG-test=Economist WebApp Test Cases-1] BrowseJobs:60 - No of jobs links are 33
2021-01-31 20:35:23,837  INFO [TestNG-test=Economist WebApp Test Cases-1] BrowseJobs:60 - No of jobs links are 34
2021-01-31 20:35:23,850  INFO [TestNG-test=Economist WebApp Test Cases-1] BrowseJobs:60 - No of jobs links are 34
2021-01-31 20:35:23,860  INFO [TestNG-test=Economist WebApp Test Cases-1] BrowseJobs:60 - No of jobs links are 34
2021-01-31 20:35:23,871  INFO [TestNG-test=Economist WebApp Test Cases-1] BrowseJobs:60 - No of jobs links are 35
2021-01-31 20:35:23,882  INFO [TestNG-test=Economist WebApp Test Cases-1] BrowseJobs:60 - No of jobs links are 36
2021-01-31 20:35:23,894  INFO [TestNG-test=Economist WebApp Test Cases-1] BrowseJobs:60 - No of jobs links are 36
2021-01-31 20:35:23,906  INFO [TestNG-test=Economist WebApp Test Cases-1] BrowseJobs:60 - No of jobs links are 36
2021-01-31 20:35:23,916  INFO [TestNG-test=Economist WebApp Test Cases-1] BrowseJobs:60 - No of jobs links are 37
2021-01-31 20:35:23,927  INFO [TestNG-test=Economist WebApp Test Cases-1] BrowseJobs:60 - No of jobs links are 38
2021-01-31 20:35:23,946  INFO [TestNG-test=Economist WebApp Test Cases-1] BrowseJobs:60 - No of jobs links are 38
2021-01-31 20:35:23,958  INFO [TestNG-test=Economist WebApp Test Cases-1] BrowseJobs:60 - No of jobs links are 38
2021-01-31 20:35:23,969  INFO [TestNG-test=Economist WebApp Test Cases-1] BrowseJobs:60 - No of jobs links are 39
2021-01-31 20:35:23,980  INFO [TestNG-test=Economist WebApp Test Cases-1] BrowseJobs:60 - No of jobs links are 40
2021-01-31 20:35:23,991  INFO [TestNG-test=Economist WebApp Test Cases-1] BrowseJobs:60 - No of jobs links are 40
2021-01-31 20:35:24,002  INFO [TestNG-test=Economist WebApp Test Cases-1] BrowseJobs:60 - No of jobs links are 40
2021-01-31 20:35:24,014  INFO [TestNG-test=Economist WebApp Test Cases-1] BrowseJobs:60 - No of jobs links are 40
2021-01-31 20:35:24,025  INFO [TestNG-test=Economist WebApp Test Cases-1] BrowseJobs:60 - No of jobs links are 40
2021-01-31 20:35:24,038  INFO [TestNG-test=Economist WebApp Test Cases-1] BrowseJobs:60 - No of jobs links are 40
2021-01-31 20:35:24,049  INFO [TestNG-test=Economist WebApp Test Cases-1] BrowseJobs:60 - No of jobs links are 40
2021-01-31 20:35:24,060  INFO [TestNG-test=Economist WebApp Test Cases-1] BrowseJobs:60 - No of jobs links are 40
2021-01-31 20:35:24,071  INFO [TestNG-test=Economist WebApp Test Cases-1] BrowseJobs:60 - No of jobs links are 40
2021-01-31 20:35:24,081  INFO [TestNG-test=Economist WebApp Test Cases-1] BrowseJobs:60 - No of jobs links are 40
2021-01-31 20:35:24,082  INFO [TestNG-test=Economist WebApp Test Cases-1] BrowseJobs:65 - No of jobs links are 40
2021-01-31 20:35:45,801 ERROR [TestNG-test=Economist WebApp Test Cases-1] SelectJobTest:36 - Exception Occured in validateApplyButtonTest no such element: Unable to locate element: {"method":"xpath","selector":"ul[contains(@class,'palm-column-two js-palm-hide js-tinynav l_tinynav1')]"}
  (Session info: chrome=88.0.4324.104)
For documentation on this error, please visit: https://www.seleniumhq.org/exceptions/no_such_element.html
Build info: version: '3.141.59', revision: 'e82be7d358', time: '2018-11-14T08:17:03'
System info: host: 'GUR00184446L', ip: '192.168.1.12', os.name: 'Windows 10', os.arch: 'amd64', os.version: '10.0', java.version: '15.0.1'
Driver info: org.openqa.selenium.chrome.ChromeDriver
Capabilities {acceptInsecureCerts: false, browserName: chrome, browserVersion: 88.0.4324.104, chrome: {chromedriverVersion: 88.0.4324.96 (68dba2d8a0b14..., userDataDir: C:\Users\SSanwal\AppData\Lo...}, goog:chromeOptions: {debuggerAddress: localhost:51045}, javascriptEnabled: true, networkConnectionEnabled: false, pageLoadStrategy: normal, platform: WINDOWS, platformName: WINDOWS, proxy: Proxy(), setWindowRect: true, strictFileInteractability: false, timeouts: {implicit: 0, pageLoad: 300000, script: 30000}, unhandledPromptBehavior: dismiss and notify, webauthn:extension:largeBlob: true, webauthn:virtualAuthenticators: true}
Session ID: f20b1b0314a14e9b8b7b44103f8ca686
*** Element info: {Using=xpath, value=ul[contains(@class,'palm-column-two js-palm-hide js-tinynav l_tinynav1')]}
2021-01-31 20:35:50,562  INFO [TestNG-test=Economist WebApp Test Cases-1] HomeTest:45 - Search button visible
2021-01-31 20:35:58,601  INFO [TestNG-test=Economist WebApp Test Cases-1] BrowseJobs:60 - No of jobs links are 0
2021-01-31 20:35:58,616  INFO [TestNG-test=Economist WebApp Test Cases-1] BrowseJobs:60 - No of jobs links are 0
2021-01-31 20:35:58,629  INFO [TestNG-test=Economist WebApp Test Cases-1] BrowseJobs:60 - No of jobs links are 1
2021-01-31 20:35:58,640  INFO [TestNG-test=Economist WebApp Test Cases-1] BrowseJobs:60 - No of jobs links are 2
2021-01-31 20:35:58,651  INFO [TestNG-test=Economist WebApp Test Cases-1] BrowseJobs:60 - No of jobs links are 2
2021-01-31 20:35:58,661  INFO [TestNG-test=Economist WebApp Test Cases-1] BrowseJobs:60 - No of jobs links are 2
2021-01-31 20:35:58,672  INFO [TestNG-test=Economist WebApp Test Cases-1] BrowseJobs:60 - No of jobs links are 3
2021-01-31 20:35:58,681  INFO [TestNG-test=Economist WebApp Test Cases-1] BrowseJobs:60 - No of jobs links are 4
2021-01-31 20:35:58,691  INFO [TestNG-test=Economist WebApp Test Cases-1] BrowseJobs:60 - No of jobs links are 4
2021-01-31 20:35:58,702  INFO [TestNG-test=Economist WebApp Test Cases-1] BrowseJobs:60 - No of jobs links are 4
2021-01-31 20:35:58,715  INFO [TestNG-test=Economist WebApp Test Cases-1] BrowseJobs:60 - No of jobs links are 5
2021-01-31 20:35:58,730  INFO [TestNG-test=Economist WebApp Test Cases-1] BrowseJobs:60 - No of jobs links are 6
2021-01-31 20:35:58,744  INFO [TestNG-test=Economist WebApp Test Cases-1] BrowseJobs:60 - No of jobs links are 6
2021-01-31 20:35:58,757  INFO [TestNG-test=Economist WebApp Test Cases-1] BrowseJobs:60 - No of jobs links are 6
2021-01-31 20:35:58,767  INFO [TestNG-test=Economist WebApp Test Cases-1] BrowseJobs:60 - No of jobs links are 7
2021-01-31 20:35:58,776  INFO [TestNG-test=Economist WebApp Test Cases-1] BrowseJobs:60 - No of jobs links are 8
2021-01-31 20:35:58,789  INFO [TestNG-test=Economist WebApp Test Cases-1] BrowseJobs:60 - No of jobs links are 8
2021-01-31 20:35:58,802  INFO [TestNG-test=Economist WebApp Test Cases-1] BrowseJobs:60 - No of jobs links are 8
2021-01-31 20:35:58,818  INFO [TestNG-test=Economist WebApp Test Cases-1] BrowseJobs:60 - No of jobs links are 9
2021-01-31 20:35:58,830  INFO [TestNG-test=Economist WebApp Test Cases-1] BrowseJobs:60 - No of jobs links are 10
2021-01-31 20:35:58,842  INFO [TestNG-test=Economist WebApp Test Cases-1] BrowseJobs:60 - No of jobs links are 10
2021-01-31 20:35:58,853  INFO [TestNG-test=Economist WebApp Test Cases-1] BrowseJobs:60 - No of jobs links are 10
2021-01-31 20:35:58,863  INFO [TestNG-test=Economist WebApp Test Cases-1] BrowseJobs:60 - No of jobs links are 11
2021-01-31 20:35:58,874  INFO [TestNG-test=Economist WebApp Test Cases-1] BrowseJobs:60 - No of jobs links are 12
2021-01-31 20:35:58,884  INFO [TestNG-test=Economist WebApp Test Cases-1] BrowseJobs:60 - No of jobs links are 12
2021-01-31 20:35:58,893  INFO [TestNG-test=Economist WebApp Test Cases-1] BrowseJobs:60 - No of jobs links are 12
2021-01-31 20:35:58,903  INFO [TestNG-test=Economist WebApp Test Cases-1] BrowseJobs:60 - No of jobs links are 13
2021-01-31 20:35:58,913  INFO [TestNG-test=Economist WebApp Test Cases-1] BrowseJobs:60 - No of jobs links are 14
2021-01-31 20:35:58,923  INFO [TestNG-test=Economist WebApp Test Cases-1] BrowseJobs:60 - No of jobs links are 14
2021-01-31 20:35:58,934  INFO [TestNG-test=Economist WebApp Test Cases-1] BrowseJobs:60 - No of jobs links are 14
2021-01-31 20:35:59,157  INFO [TestNG-test=Economist WebApp Test Cases-1] BrowseJobs:60 - No of jobs links are 15
2021-01-31 20:35:59,252  INFO [TestNG-test=Economist WebApp Test Cases-1] BrowseJobs:60 - No of jobs links are 16
2021-01-31 20:35:59,305  INFO [TestNG-test=Economist WebApp Test Cases-1] BrowseJobs:60 - No of jobs links are 16
2021-01-31 20:35:59,322  INFO [TestNG-test=Economist WebApp Test Cases-1] BrowseJobs:60 - No of jobs links are 16
2021-01-31 20:35:59,333  INFO [TestNG-test=Economist WebApp Test Cases-1] BrowseJobs:60 - No of jobs links are 17
2021-01-31 20:35:59,353  INFO [TestNG-test=Economist WebApp Test Cases-1] BrowseJobs:60 - No of jobs links are 18
2021-01-31 20:35:59,365  INFO [TestNG-test=Economist WebApp Test Cases-1] BrowseJobs:60 - No of jobs links are 18
2021-01-31 20:35:59,379  INFO [TestNG-test=Economist WebApp Test Cases-1] BrowseJobs:60 - No of jobs links are 18
2021-01-31 20:35:59,392  INFO [TestNG-test=Economist WebApp Test Cases-1] BrowseJobs:60 - No of jobs links are 19
2021-01-31 20:35:59,403  INFO [TestNG-test=Economist WebApp Test Cases-1] BrowseJobs:60 - No of jobs links are 20
2021-01-31 20:35:59,415  INFO [TestNG-test=Economist WebApp Test Cases-1] BrowseJobs:60 - No of jobs links are 20
2021-01-31 20:35:59,428  INFO [TestNG-test=Economist WebApp Test Cases-1] BrowseJobs:60 - No of jobs links are 20
2021-01-31 20:35:59,439  INFO [TestNG-test=Economist WebApp Test Cases-1] BrowseJobs:60 - No of jobs links are 20
2021-01-31 20:35:59,450  INFO [TestNG-test=Economist WebApp Test Cases-1] BrowseJobs:60 - No of jobs links are 21
2021-01-31 20:35:59,461  INFO [TestNG-test=Economist WebApp Test Cases-1] BrowseJobs:60 - No of jobs links are 22
2021-01-31 20:35:59,471  INFO [TestNG-test=Economist WebApp Test Cases-1] BrowseJobs:60 - No of jobs links are 22
2021-01-31 20:35:59,482  INFO [TestNG-test=Economist WebApp Test Cases-1] BrowseJobs:60 - No of jobs links are 22
2021-01-31 20:35:59,491  INFO [TestNG-test=Economist WebApp Test Cases-1] BrowseJobs:60 - No of jobs links are 23
2021-01-31 20:35:59,501  INFO [TestNG-test=Economist WebApp Test Cases-1] BrowseJobs:60 - No of jobs links are 24
2021-01-31 20:35:59,510  INFO [TestNG-test=Economist WebApp Test Cases-1] BrowseJobs:60 - No of jobs links are 24
2021-01-31 20:35:59,521  INFO [TestNG-test=Economist WebApp Test Cases-1] BrowseJobs:60 - No of jobs links are 24
2021-01-31 20:35:59,531  INFO [TestNG-test=Economist WebApp Test Cases-1] BrowseJobs:60 - No of jobs links are 25
2021-01-31 20:35:59,542  INFO [TestNG-test=Economist WebApp Test Cases-1] BrowseJobs:60 - No of jobs links are 26
2021-01-31 20:35:59,555  INFO [TestNG-test=Economist WebApp Test Cases-1] BrowseJobs:60 - No of jobs links are 26
2021-01-31 20:35:59,568  INFO [TestNG-test=Economist WebApp Test Cases-1] BrowseJobs:60 - No of jobs links are 26
2021-01-31 20:35:59,579  INFO [TestNG-test=Economist WebApp Test Cases-1] BrowseJobs:60 - No of jobs links are 27
2021-01-31 20:35:59,590  INFO [TestNG-test=Economist WebApp Test Cases-1] BrowseJobs:60 - No of jobs links are 28
2021-01-31 20:35:59,620  INFO [TestNG-test=Economist WebApp Test Cases-1] BrowseJobs:60 - No of jobs links are 28
2021-01-31 20:35:59,632  INFO [TestNG-test=Economist WebApp Test Cases-1] BrowseJobs:60 - No of jobs links are 28
2021-01-31 20:35:59,642  INFO [TestNG-test=Economist WebApp Test Cases-1] BrowseJobs:60 - No of jobs links are 29
2021-01-31 20:35:59,654  INFO [TestNG-test=Economist WebApp Test Cases-1] BrowseJobs:60 - No of jobs links are 30
2021-01-31 20:35:59,668  INFO [TestNG-test=Economist WebApp Test Cases-1] BrowseJobs:60 - No of jobs links are 30
2021-01-31 20:35:59,682  INFO [TestNG-test=Economist WebApp Test Cases-1] BrowseJobs:60 - No of jobs links are 30
2021-01-31 20:35:59,694  INFO [TestNG-test=Economist WebApp Test Cases-1] BrowseJobs:60 - No of jobs links are 31
2021-01-31 20:35:59,705  INFO [TestNG-test=Economist WebApp Test Cases-1] BrowseJobs:60 - No of jobs links are 32
2021-01-31 20:35:59,719  INFO [TestNG-test=Economist WebApp Test Cases-1] BrowseJobs:60 - No of jobs links are 32
2021-01-31 20:35:59,729  INFO [TestNG-test=Economist WebApp Test Cases-1] BrowseJobs:60 - No of jobs links are 32
2021-01-31 20:35:59,740  INFO [TestNG-test=Economist WebApp Test Cases-1] BrowseJobs:60 - No of jobs links are 33
2021-01-31 20:35:59,752  INFO [TestNG-test=Economist WebApp Test Cases-1] BrowseJobs:60 - No of jobs links are 34
2021-01-31 20:35:59,762  INFO [TestNG-test=Economist WebApp Test Cases-1] BrowseJobs:60 - No of jobs links are 34
2021-01-31 20:35:59,775  INFO [TestNG-test=Economist WebApp Test Cases-1] BrowseJobs:60 - No of jobs links are 34
2021-01-31 20:35:59,788  INFO [TestNG-test=Economist WebApp Test Cases-1] BrowseJobs:60 - No of jobs links are 35
2021-01-31 20:35:59,800  INFO [TestNG-test=Economist WebApp Test Cases-1] BrowseJobs:60 - No of jobs links are 36
2021-01-31 20:35:59,810  INFO [TestNG-test=Economist WebApp Test Cases-1] BrowseJobs:60 - No of jobs links are 36
2021-01-31 20:35:59,821  INFO [TestNG-test=Economist WebApp Test Cases-1] BrowseJobs:60 - No of jobs links are 36
2021-01-31 20:35:59,832  INFO [TestNG-test=Economist WebApp Test Cases-1] BrowseJobs:60 - No of jobs links are 37
2021-01-31 20:35:59,842  INFO [TestNG-test=Economist WebApp Test Cases-1] BrowseJobs:60 - No of jobs links are 38
2021-01-31 20:35:59,853  INFO [TestNG-test=Economist WebApp Test Cases-1] BrowseJobs:60 - No of jobs links are 38
2021-01-31 20:35:59,867  INFO [TestNG-test=Economist WebApp Test Cases-1] BrowseJobs:60 - No of jobs links are 38
2021-01-31 20:35:59,878  INFO [TestNG-test=Economist WebApp Test Cases-1] BrowseJobs:60 - No of jobs links are 39
2021-01-31 20:35:59,889  INFO [TestNG-test=Economist WebApp Test Cases-1] BrowseJobs:60 - No of jobs links are 40
2021-01-31 20:35:59,900  INFO [TestNG-test=Economist WebApp Test Cases-1] BrowseJobs:60 - No of jobs links are 40
2021-01-31 20:35:59,909  INFO [TestNG-test=Economist WebApp Test Cases-1] BrowseJobs:60 - No of jobs links are 40
2021-01-31 20:35:59,921  INFO [TestNG-test=Economist WebApp Test Cases-1] BrowseJobs:60 - No of jobs links are 40
2021-01-31 20:35:59,933  INFO [TestNG-test=Economist WebApp Test Cases-1] BrowseJobs:60 - No of jobs links are 40
2021-01-31 20:35:59,944  INFO [TestNG-test=Economist WebApp Test Cases-1] BrowseJobs:60 - No of jobs links are 40
2021-01-31 20:35:59,956  INFO [TestNG-test=Economist WebApp Test Cases-1] BrowseJobs:60 - No of jobs links are 40
2021-01-31 20:35:59,967  INFO [TestNG-test=Economist WebApp Test Cases-1] BrowseJobs:60 - No of jobs links are 40
2021-01-31 20:35:59,979  INFO [TestNG-test=Economist WebApp Test Cases-1] BrowseJobs:60 - No of jobs links are 40
2021-01-31 20:35:59,991  INFO [TestNG-test=Economist WebApp Test Cases-1] BrowseJobs:60 - No of jobs links are 40
2021-01-31 20:35:59,991  INFO [TestNG-test=Economist WebApp Test Cases-1] BrowseJobs:65 - No of jobs links are 40
2021-01-31 20:36:01,352  INFO [TestNG-test=Economist WebApp Test Cases-1] BrowseJobTest:39 - validate search result is working
2021-01-31 20:36:08,674  INFO [TestNG-test=Economist WebApp Test Cases-1] LoginPageTest:31 - Verified login page title
2021-01-31 20:36:15,853  INFO [TestNG-test=Economist WebApp Test Cases-1] RegisterPageTest:32 - Register page title is Register | Jobs.Economist.com
2021-01-31 20:36:55,333  INFO [TestNG-test=Economist WebApp Test Cases-1] BrowseJobs:60 - No of jobs links are 0
2021-01-31 20:36:55,345  INFO [TestNG-test=Economist WebApp Test Cases-1] BrowseJobs:60 - No of jobs links are 0
2021-01-31 20:36:55,357  INFO [TestNG-test=Economist WebApp Test Cases-1] BrowseJobs:60 - No of jobs links are 1
2021-01-31 20:36:55,368  INFO [TestNG-test=Economist WebApp Test Cases-1] BrowseJobs:60 - No of jobs links are 2
2021-01-31 20:36:55,381  INFO [TestNG-test=Economist WebApp Test Cases-1] BrowseJobs:60 - No of jobs links are 2
2021-01-31 20:36:55,393  INFO [TestNG-test=Economist WebApp Test Cases-1] BrowseJobs:60 - No of jobs links are 2
2021-01-31 20:36:55,405  INFO [TestNG-test=Economist WebApp Test Cases-1] BrowseJobs:60 - No of jobs links are 3
2021-01-31 20:36:55,418  INFO [TestNG-test=Economist WebApp Test Cases-1] BrowseJobs:60 - No of jobs links are 4
2021-01-31 20:36:55,436  INFO [TestNG-test=Economist WebApp Test Cases-1] BrowseJobs:60 - No of jobs links are 4
2021-01-31 20:36:55,446  INFO [TestNG-test=Economist WebApp Test Cases-1] BrowseJobs:60 - No of jobs links are 4
2021-01-31 20:36:55,457  INFO [TestNG-test=Economist WebApp Test Cases-1] BrowseJobs:60 - No of jobs links are 5
2021-01-31 20:36:55,470  INFO [TestNG-test=Economist WebApp Test Cases-1] BrowseJobs:60 - No of jobs links are 6
2021-01-31 20:36:55,482  INFO [TestNG-test=Economist WebApp Test Cases-1] BrowseJobs:60 - No of jobs links are 6
2021-01-31 20:36:55,492  INFO [TestNG-test=Economist WebApp Test Cases-1] BrowseJobs:60 - No of jobs links are 6
2021-01-31 20:36:55,503  INFO [TestNG-test=Economist WebApp Test Cases-1] BrowseJobs:60 - No of jobs links are 7
2021-01-31 20:36:55,515  INFO [TestNG-test=Economist WebApp Test Cases-1] BrowseJobs:60 - No of jobs links are 8
2021-01-31 20:36:55,527  INFO [TestNG-test=Economist WebApp Test Cases-1] BrowseJobs:60 - No of jobs links are 8
2021-01-31 20:36:55,539  INFO [TestNG-test=Economist WebApp Test Cases-1] BrowseJobs:60 - No of jobs links are 8
2021-01-31 20:36:55,552  INFO [TestNG-test=Economist WebApp Test Cases-1] BrowseJobs:60 - No of jobs links are 9
2021-01-31 20:36:55,566  INFO [TestNG-test=Economist WebApp Test Cases-1] BrowseJobs:60 - No of jobs links are 10
2021-01-31 20:36:55,579  INFO [TestNG-test=Economist WebApp Test Cases-1] BrowseJobs:60 - No of jobs links are 10
2021-01-31 20:36:55,597  INFO [TestNG-test=Economist WebApp Test Cases-1] BrowseJobs:60 - No of jobs links are 10
2021-01-31 20:36:55,608  INFO [TestNG-test=Economist WebApp Test Cases-1] BrowseJobs:60 - No of jobs links are 11
2021-01-31 20:36:55,620  INFO [TestNG-test=Economist WebApp Test Cases-1] BrowseJobs:60 - No of jobs links are 12
2021-01-31 20:36:55,634  INFO [TestNG-test=Economist WebApp Test Cases-1] BrowseJobs:60 - No of jobs links are 12
2021-01-31 20:36:55,645  INFO [TestNG-test=Economist WebApp Test Cases-1] BrowseJobs:60 - No of jobs links are 12
2021-01-31 20:36:55,853  INFO [TestNG-test=Economist WebApp Test Cases-1] BrowseJobs:60 - No of jobs links are 13
2021-01-31 20:36:55,895  INFO [TestNG-test=Economist WebApp Test Cases-1] BrowseJobs:60 - No of jobs links are 14
2021-01-31 20:36:55,906  INFO [TestNG-test=Economist WebApp Test Cases-1] BrowseJobs:60 - No of jobs links are 14
2021-01-31 20:36:56,023  INFO [TestNG-test=Economist WebApp Test Cases-1] BrowseJobs:60 - No of jobs links are 14
2021-01-31 20:36:56,035  INFO [TestNG-test=Economist WebApp Test Cases-1] BrowseJobs:60 - No of jobs links are 15
2021-01-31 20:36:56,045  INFO [TestNG-test=Economist WebApp Test Cases-1] BrowseJobs:60 - No of jobs links are 16
2021-01-31 20:36:56,059  INFO [TestNG-test=Economist WebApp Test Cases-1] BrowseJobs:60 - No of jobs links are 16
2021-01-31 20:36:56,069  INFO [TestNG-test=Economist WebApp Test Cases-1] BrowseJobs:60 - No of jobs links are 16
2021-01-31 20:36:56,081  INFO [TestNG-test=Economist WebApp Test Cases-1] BrowseJobs:60 - No of jobs links are 17
2021-01-31 20:36:56,092  INFO [TestNG-test=Economist WebApp Test Cases-1] BrowseJobs:60 - No of jobs links are 18
2021-01-31 20:36:56,110  INFO [TestNG-test=Economist WebApp Test Cases-1] BrowseJobs:60 - No of jobs links are 18
2021-01-31 20:36:56,145  INFO [TestNG-test=Economist WebApp Test Cases-1] BrowseJobs:60 - No of jobs links are 18
2021-01-31 20:36:56,197  INFO [TestNG-test=Economist WebApp Test Cases-1] BrowseJobs:60 - No of jobs links are 19
2021-01-31 20:36:56,207  INFO [TestNG-test=Economist WebApp Test Cases-1] BrowseJobs:60 - No of jobs links are 20
2021-01-31 20:36:56,220  INFO [TestNG-test=Economist WebApp Test Cases-1] BrowseJobs:60 - No of jobs links are 20
2021-01-31 20:36:56,231  INFO [TestNG-test=Economist WebApp Test Cases-1] BrowseJobs:60 - No of jobs links are 20
2021-01-31 20:36:56,243  INFO [TestNG-test=Economist WebApp Test Cases-1] BrowseJobs:60 - No of jobs links are 20
2021-01-31 20:36:56,254  INFO [TestNG-test=Economist WebApp Test Cases-1] BrowseJobs:60 - No of jobs links are 21
2021-01-31 20:36:56,280  INFO [TestNG-test=Economist WebApp Test Cases-1] BrowseJobs:60 - No of jobs links are 22
2021-01-31 20:36:56,314  INFO [TestNG-test=Economist WebApp Test Cases-1] BrowseJobs:60 - No of jobs links are 22
2021-01-31 20:36:56,324  INFO [TestNG-test=Economist WebApp Test Cases-1] BrowseJobs:60 - No of jobs links are 22
2021-01-31 20:36:56,337  INFO [TestNG-test=Economist WebApp Test Cases-1] BrowseJobs:60 - No of jobs links are 23
2021-01-31 20:36:56,347  INFO [TestNG-test=Economist WebApp Test Cases-1] BrowseJobs:60 - No of jobs links are 24
2021-01-31 20:36:56,357  INFO [TestNG-test=Economist WebApp Test Cases-1] BrowseJobs:60 - No of jobs links are 24
2021-01-31 20:36:56,367  INFO [TestNG-test=Economist WebApp Test Cases-1] BrowseJobs:60 - No of jobs links are 24
2021-01-31 20:36:56,378  INFO [TestNG-test=Economist WebApp Test Cases-1] BrowseJobs:60 - No of jobs links are 25
2021-01-31 20:36:56,390  INFO [TestNG-test=Economist WebApp Test Cases-1] BrowseJobs:60 - No of jobs links are 26
2021-01-31 20:36:56,405  INFO [TestNG-test=Economist WebApp Test Cases-1] BrowseJobs:60 - No of jobs links are 26
2021-01-31 20:36:56,415  INFO [TestNG-test=Economist WebApp Test Cases-1] BrowseJobs:60 - No of jobs links are 26
2021-01-31 20:36:56,426  INFO [TestNG-test=Economist WebApp Test Cases-1] BrowseJobs:60 - No of jobs links are 27
2021-01-31 20:36:56,439  INFO [TestNG-test=Economist WebApp Test Cases-1] BrowseJobs:60 - No of jobs links are 28
2021-01-31 20:36:56,450  INFO [TestNG-test=Economist WebApp Test Cases-1] BrowseJobs:60 - No of jobs links are 28
2021-01-31 20:36:56,460  INFO [TestNG-test=Economist WebApp Test Cases-1] BrowseJobs:60 - No of jobs links are 28
2021-01-31 20:36:56,471  INFO [TestNG-test=Economist WebApp Test Cases-1] BrowseJobs:60 - No of jobs links are 29
2021-01-31 20:36:56,480  INFO [TestNG-test=Economist WebApp Test Cases-1] BrowseJobs:60 - No of jobs links are 30
2021-01-31 20:36:56,491  INFO [TestNG-test=Economist WebApp Test Cases-1] BrowseJobs:60 - No of jobs links are 30
2021-01-31 20:36:56,504  INFO [TestNG-test=Economist WebApp Test Cases-1] BrowseJobs:60 - No of jobs links are 30
2021-01-31 20:36:56,518  INFO [TestNG-test=Economist WebApp Test Cases-1] BrowseJobs:60 - No of jobs links are 31
2021-01-31 20:36:56,531  INFO [TestNG-test=Economist WebApp Test Cases-1] BrowseJobs:60 - No of jobs links are 32
2021-01-31 20:36:56,541  INFO [TestNG-test=Economist WebApp Test Cases-1] BrowseJobs:60 - No of jobs links are 32
2021-01-31 20:36:56,551  INFO [TestNG-test=Economist WebApp Test Cases-1] BrowseJobs:60 - No of jobs links are 32
2021-01-31 20:36:56,561  INFO [TestNG-test=Economist WebApp Test Cases-1] BrowseJobs:60 - No of jobs links are 33
2021-01-31 20:36:56,573  INFO [TestNG-test=Economist WebApp Test Cases-1] BrowseJobs:60 - No of jobs links are 34
2021-01-31 20:36:56,583  INFO [TestNG-test=Economist WebApp Test Cases-1] BrowseJobs:60 - No of jobs links are 34
2021-01-31 20:36:56,594  INFO [TestNG-test=Economist WebApp Test Cases-1] BrowseJobs:60 - No of jobs links are 34
2021-01-31 20:36:56,604  INFO [TestNG-test=Economist WebApp Test Cases-1] BrowseJobs:60 - No of jobs links are 35
2021-01-31 20:36:56,617  INFO [TestNG-test=Economist WebApp Test Cases-1] BrowseJobs:60 - No of jobs links are 36
2021-01-31 20:36:56,630  INFO [TestNG-test=Economist WebApp Test Cases-1] BrowseJobs:60 - No of jobs links are 36
2021-01-31 20:36:56,640  INFO [TestNG-test=Economist WebApp Test Cases-1] BrowseJobs:60 - No of jobs links are 36
2021-01-31 20:36:56,651  INFO [TestNG-test=Economist WebApp Test Cases-1] BrowseJobs:60 - No of jobs links are 37
2021-01-31 20:36:56,661  INFO [TestNG-test=Economist WebApp Test Cases-1] BrowseJobs:60 - No of jobs links are 38
2021-01-31 20:36:56,670  INFO [TestNG-test=Economist WebApp Test Cases-1] BrowseJobs:60 - No of jobs links are 38
2021-01-31 20:36:56,682  INFO [TestNG-test=Economist WebApp Test Cases-1] BrowseJobs:60 - No of jobs links are 38
2021-01-31 20:36:56,694  INFO [TestNG-test=Economist WebApp Test Cases-1] BrowseJobs:60 - No of jobs links are 39
2021-01-31 20:36:56,705  INFO [TestNG-test=Economist WebApp Test Cases-1] BrowseJobs:60 - No of jobs links are 40
2021-01-31 20:36:56,716  INFO [TestNG-test=Economist WebApp Test Cases-1] BrowseJobs:60 - No of jobs links are 40
2021-01-31 20:36:56,725  INFO [TestNG-test=Economist WebApp Test Cases-1] BrowseJobs:60 - No of jobs links are 40
2021-01-31 20:36:56,736  INFO [TestNG-test=Economist WebApp Test Cases-1] BrowseJobs:60 - No of jobs links are 40
2021-01-31 20:36:56,746  INFO [TestNG-test=Economist WebApp Test Cases-1] BrowseJobs:60 - No of jobs links are 40
2021-01-31 20:36:56,756  INFO [TestNG-test=Economist WebApp Test Cases-1] BrowseJobs:60 - No of jobs links are 40
2021-01-31 20:36:56,766  INFO [TestNG-test=Economist WebApp Test Cases-1] BrowseJobs:60 - No of jobs links are 40
2021-01-31 20:36:56,775  INFO [TestNG-test=Economist WebApp Test Cases-1] BrowseJobs:60 - No of jobs links are 40
2021-01-31 20:36:56,786  INFO [TestNG-test=Economist WebApp Test Cases-1] BrowseJobs:60 - No of jobs links are 40
2021-01-31 20:36:56,796  INFO [TestNG-test=Economist WebApp Test Cases-1] BrowseJobs:60 - No of jobs links are 40
2021-01-31 20:36:56,796  INFO [TestNG-test=Economist WebApp Test Cases-1] BrowseJobs:65 - No of jobs links are 40
2021-01-31 20:37:18,902 ERROR [TestNG-test=Economist WebApp Test Cases-1] SelectJobTest:47 - Exception Occured in validateJobDescriptionTest no such element: Unable to locate element: {"method":"xpath","selector":"//ul[contains(@class,'palm-column-two js-palm-hide js-tinynav l_tinynav1')]"}
  (Session info: chrome=88.0.4324.104)
For documentation on this error, please visit: https://www.seleniumhq.org/exceptions/no_such_element.html
Build info: version: '3.141.59', revision: 'e82be7d358', time: '2018-11-14T08:17:03'
System info: host: 'GUR00184446L', ip: '192.168.1.12', os.name: 'Windows 10', os.arch: 'amd64', os.version: '10.0', java.version: '15.0.1'
Driver info: org.openqa.selenium.chrome.ChromeDriver
Capabilities {acceptInsecureCerts: false, browserName: chrome, browserVersion: 88.0.4324.104, chrome: {chromedriverVersion: 88.0.4324.96 (68dba2d8a0b14..., userDataDir: C:\Users\SSanwal\AppData\Lo...}, goog:chromeOptions: {debuggerAddress: localhost:51424}, javascriptEnabled: true, networkConnectionEnabled: false, pageLoadStrategy: normal, platform: WINDOWS, platformName: WINDOWS, proxy: Proxy(), setWindowRect: true, strictFileInteractability: false, timeouts: {implicit: 0, pageLoad: 300000, script: 30000}, unhandledPromptBehavior: dismiss and notify, webauthn:extension:largeBlob: true, webauthn:virtualAuthenticators: true}
Session ID: a9b2da33d4a3602a8ed0862b154db4c4
*** Element info: {Using=xpath, value=//ul[contains(@class,'palm-column-two js-palm-hide js-tinynav l_tinynav1')]}
2021-01-31 20:37:24,679  INFO [TestNG-test=Economist WebApp Test Cases-1] HomeTest:57 - NavigationBar visible
2021-01-31 20:37:38,846  INFO [TestNG-test=Economist WebApp Test Cases-1] RegisterPageTest:43 - Register page url is https://jobs.economist.com/register/
2021-01-31 20:37:44,255  INFO [TestNG-test=Economist WebApp Test Cases-1] HomeTest:70 - Search Keyword visible
2021-01-31 20:37:51,626  INFO [TestNG-test=Economist WebApp Test Cases-1] HomeTest:82 - Search location visible
2021-01-31 20:37:56,908  INFO [TestNG-test=Economist WebApp Test Cases-1] HomeTest:95 - Search radial location visible
2021-01-31 20:38:07,868  INFO [TestNG-test=Economist WebApp Test Cases-1] HomeTest:107 - login page Title is Logon | Jobs.Economist.com
2021-01-31 20:38:13,620  INFO [TestNG-test=Economist WebApp Test Cases-1] HomePage:125 - No of links are 6
2021-01-31 20:38:14,445  INFO [TestNG-test=Economist WebApp Test Cases-1] HomePage:161 - https://jobs.economist.com/ - OK
2021-01-31 20:38:15,179  INFO [TestNG-test=Economist WebApp Test Cases-1] HomePage:161 - https://jobs.economist.com/jobs/ - OK
2021-01-31 20:38:15,702  INFO [TestNG-test=Economist WebApp Test Cases-1] HomePage:161 - https://jobs.economist.com/newalert/ - OK
2021-01-31 20:38:16,219  INFO [TestNG-test=Economist WebApp Test Cases-1] HomePage:161 - https://jobs.economist.com/employers/ - OK
2021-01-31 20:38:16,844  INFO [TestNG-test=Economist WebApp Test Cases-1] HomePage:161 - https://jobs.economist.com/careers/ - OK
2021-01-31 20:38:16,930  INFO [TestNG-test=Economist WebApp Test Cases-1] HomePage:161 - http://www.economist.com/ - Moved Permanently
2021-01-31 20:38:16,930  INFO [TestNG-test=Economist WebApp Test Cases-1] HomeTest:118 - Verified link test
2021-01-31 20:38:25,044  INFO [TestNG-test=Economist WebApp Test Cases-1] HomeTest:132 - clicked search
2021-01-31 20:38:30,375  INFO [TestNG-test=Economist WebApp Test Cases-1] HomePage:191 - No of links are 13
2021-01-31 20:38:31,591 DEBUG [main] cache:45 - Couldn't find template in cache for "Extent.ftl"("en_US", UTF-8, parsed); will try to load it.
2021-01-31 20:38:31,592 DEBUG [main] cache:45 - TemplateLoader.findTemplateSource("Extent_en_US.ftl"): Not found
2021-01-31 20:38:31,594 DEBUG [main] cache:45 - TemplateLoader.findTemplateSource("Extent_en.ftl"): Not found
2021-01-31 20:38:31,595 DEBUG [main] cache:45 - TemplateLoader.findTemplateSource("Extent.ftl"): Found
2021-01-31 20:38:31,595 DEBUG [main] cache:45 - Loading template for "Extent.ftl"("en_US", UTF-8, parsed) from "jar:file:/C:/Users/SSanwal/.m2/repository/com/relevantcodes/extentreports/2.41.2/extentreports-2.41.2.jar!/com/relevantcodes/extentreports/view/Extent.ftl"
2021-01-31 20:38:31,980 DEBUG [main] cache:45 - Couldn't find template in cache for "Extent.ftl"("en_US", UTF-8, parsed); will try to load it.
2021-01-31 20:38:31,981 DEBUG [main] cache:45 - TemplateLoader.findTemplateSource("Extent_en_US.ftl"): Not found
2021-01-31 20:38:31,981 DEBUG [main] cache:45 - TemplateLoader.findTemplateSource("Extent_en.ftl"): Not found
2021-01-31 20:38:31,982 DEBUG [main] cache:45 - TemplateLoader.findTemplateSource("Extent.ftl"): Found
2021-01-31 20:38:31,982 DEBUG [main] cache:45 - Loading template for "Extent.ftl"("en_US", UTF-8, parsed) from "jar:file:/C:/Users/SSanwal/.m2/repository/com/relevantcodes/extentreports/2.41.2/extentreports-2.41.2.jar!/com/relevantcodes/extentreports/view/Extent.ftl"
